--------------------------------------------------------------------------------
FtMscLib.dll Version  01.05.11  (2012/02/19)
FtLogLevel= 0
16:53:27:528, Initialization of Library 'ftMscLib.dll' ...

INFO:   size FTX1_SHMIFINFO   = 64
INFO:   size FTX1_STATE       = 100
INFO:   size FTX1_CONFIG      = 88
INFO:   size FTX1_INPUT       = 68
INFO:   size FTX1_OUTPUT      = 44
INFO:   size FTX1_DISPLAY     = 108
INFO:   size TRANSFER_STATUS  = 4
INFO:   size CHANGE_STATE     = 8
INFO:   size RP_TIMER         = 12
INFO:   size MOTOR            = 24
INFO:   size INPUT_SIM        = 4
INFO:   size HOOK_TABLE       = 140
INFO:   RESERVE_SIZE          = 360
INFO:   size FISH_X1_TRANSFER = 1024
INFO: size IF08_MAX           = 9
INFO: size IF08_TRANSFER      = 9216

16:53:27:537, Creating event objects...
16:53:27:537, Starting thread [WaitMmRpTmEvent]...
16:53:27:538,   [WaitMmRpTmEvent] started, hRpTmThrWait= 400
16:53:27:538, Starting thread [WaitMmEvent]...
16:53:27:539,   [WaitMmEventThread] started, hThrWait= 432
16:53:27:540, Starting thread [FtRequestThread]...
16:53:27:540,   [FtRequestThread] started, hThrRequest= 244
16:53:27:542, Starting MMTimer... (mmRpTimerId= 16)
16:53:27:542, ftMscLib is initialized ...

16:53:27:592, OpenComDevice(), comStr= COM15
16:53:32:921, ftxOpenComDevice(), ftHandle= 524
16:53:32:922, Starting thread [ReadComThread]...
16:53:32:923, Thread [ReadComThread] started..., hComRead= 556, IdComReadThread= 6896
16:53:32:924, Open Fish.X1 connection...
16:53:32:969, [SetFishX1InfoData] shmId= 0
16:53:32:970,   Hostname          : ROBO TX-442
16:53:32:970,   BtAddress         : 00:13:7B:54:AD:2B
16:53:32:971,   Hardware Release  : C
16:53:32:971,   Firmware Version  : V 1.30
16:53:32:972,   DLL Version       : V 6
16:53:32:973,   SharedMemoryStart : 0x20000204
16:53:32:973,   AppAreaStart      : 0x30700000
16:53:32:974,   AppAreaSize       : 0x000D0000
16:53:32:990, Initialization output and config area...
16:53:32:990, Info Master/Slave alive:  M  0  0  0  0  0  0  0  0
16:53:32:991, InitTransferValues, Initialization of TransferArea (output)...
16:53:33:093, SendRemoteCmd, XM_START: send remote command: 'get_ser_num'
16:53:33:146, SendRemoteCmd, XM_GET_PROMPT: ROBO TX prompt received...
16:53:33:147, serial_number= [0002085096]
16:53:33:147, Starting Fish.X1 transfer...
16:53:33:148, SetFishX1TransferStatus, set status = 2
16:53:33:434, SetFishX1TransferStatus, set status = 1
16:53:33:435, Fish.X1 transfer running...
16:53:41:847, GetTransferAreasArrayAddr, fthdl= 524
16:53:53:956, GetTransferAreasArrayAddr, fthdl= 524
