z:\software_engineering\snailrunner v2.0\snail\snailrunner\debug\vc141.pdb
z:\software_engineering\snailrunner v2.0\snail\snailrunner\debug\main.obj
z:\software_engineering\snailrunner v2.0\snail\snailrunner\debug\functions.obj
z:\software_engineering\snailrunner v2.0\snail\snailrunner\debug\startstatemachine.obj
z:\software_engineering\snailrunner v2.0\snail\snailrunner\debug\startlaufermachine.obj
z:\software_engineering\snailrunner v2.0\snail\snailrunner\debug\forwardstatemachine.obj
z:\software_engineering\snailrunner v2.0\snail\snailrunner\debug\obstaclestatemachine.obj
z:\software_engineering\snailrunner v2.0\snail\snailrunner\debug\sfmlmap.obj
z:\software_engineering\snailrunner v2.0\snail\snailrunner\debug\sfmlrunner.obj
z:\software_engineering\snailrunner v2.0\snail\snailrunner\debug\searchstatemachine.obj
z:\software_engineering\snailrunner v2.0\snail\snailrunner\debug\vc141.idb
z:\software_engineering\snailrunner v2.0\snail\snailrunner\debug\snailrunner.obj
z:\software_engineering\snailrunner v2.0\snail\snailrunner\debug\explorestatemachine.obj
z:\software_engineering\snailrunner v2.0\snail\debug\snailrunner.exe
z:\software_engineering\snailrunner v2.0\snail\debug\snailrunner.ilk
z:\software_engineering\snailrunner v2.0\snail\debug\snailrunner.pdb
z:\software_engineering\snailrunner v2.0\snail\snailrunner\debug\weiterlaufermachine.obj
z:\software_engineering\snailrunner v2.0\snail\snailrunner\debug\snailrunner.tlog\cl.command.1.tlog
z:\software_engineering\snailrunner v2.0\snail\snailrunner\debug\snailrunner.tlog\cl.read.1.tlog
z:\software_engineering\snailrunner v2.0\snail\snailrunner\debug\snailrunner.tlog\cl.write.1.tlog
z:\software_engineering\snailrunner v2.0\snail\snailrunner\debug\snailrunner.tlog\link.command.1.tlog
z:\software_engineering\snailrunner v2.0\snail\snailrunner\debug\snailrunner.tlog\link.read.1.tlog
z:\software_engineering\snailrunner v2.0\snail\snailrunner\debug\snailrunner.tlog\link.write.1.tlog
